{"message":"\n","level":"info"}
{"message":"=-=-=-=-=-=-=-= uploadVideo script start =-=-=-=-=-=-=-=","level":"info"}
{"message":"\n","level":"info"}
{"message":{},"level":"info"}
{"message":"subj : undefined","level":"info"}
{"message":"text : undefined","level":"info"}
{"message":"======================lego=====================","level":"info"}
{"message":"=========================getResultJson=====================","level":"info"}
{"message":"\n","level":"info"}
{"message":"=-=-=-=-=-=-=-= uploadVideo script start =-=-=-=-=-=-=-=","level":"info"}
{"message":"\n","level":"info"}
{"message":{"subj":"파이썬","text":"너무 재미있었습니다"},"level":"info"}
{"message":"subj : 파이썬","level":"info"}
{"message":"text : 너무 재미있었습니다","level":"info"}
{"message":"======================lego=====================","level":"info"}
{"message":"=========================getResultJson=====================","level":"info"}
{"message":"\n","level":"info"}
{"message":"=-=-=-=-=-=-=-= uploadVideo script start =-=-=-=-=-=-=-=","level":"info"}
{"message":"\n","level":"info"}
{"message":{},"level":"info"}
{"message":"subj : undefined","level":"info"}
{"message":"text : undefined","level":"info"}
{"message":"======================lego=====================","level":"info"}
{"message":"=========================getResultJson=====================","level":"info"}
